<?xml version="1.0" encoding="UTF-8"?>
<testng-results skipped="0" failed="0" total="1" passed="1">
  <reporter-output>
  </reporter-output>
  <suite name="Default suite" duration-ms="18111" started-at="2020-03-08T00:07:53Z" finished-at="2020-03-08T00:08:11Z">
    <groups>
    </groups>
    <test name="Default test" duration-ms="18111" started-at="2020-03-08T00:07:53Z" finished-at="2020-03-08T00:08:11Z">
      <class name="com.amazon.test.ZestTest">
        <test-method status="PASS" signature="setBaseURL()[pri:0, instance:com.amazon.test.ZestTest@23ceabc1]" name="setBaseURL" is-config="true" duration-ms="11877" started-at="2020-03-08T05:37:53Z" finished-at="2020-03-08T05:38:05Z">
          <reporter-output>
          </reporter-output>
        </test-method> <!-- setBaseURL -->
        <test-method status="PASS" signature="compare_product_price()[pri:0, instance:com.amazon.test.ZestTest@23ceabc1]" name="compare_product_price" duration-ms="5491" started-at="2020-03-08T05:38:05Z" finished-at="2020-03-08T05:38:11Z">
          <reporter-output>
          </reporter-output>
        </test-method> <!-- compare_product_price -->
        <test-method status="PASS" signature="endSession()[pri:0, instance:com.amazon.test.ZestTest@23ceabc1]" name="endSession" is-config="true" duration-ms="734" started-at="2020-03-08T05:38:11Z" finished-at="2020-03-08T05:38:11Z">
          <reporter-output>
          </reporter-output>
        </test-method> <!-- endSession -->
      </class> <!-- com.amazon.test.ZestTest -->
    </test> <!-- Default test -->
  </suite> <!-- Default suite -->
</testng-results>
