<?xml version="1.0" encoding="UTF-8"?>
<testng-results skipped="0" failed="0" total="1" passed="1">
  <reporter-output>
  </reporter-output>
  <suite name="assignment.TestClass" duration-ms="25" started-at="2020-03-07T19:17:26Z" finished-at="2020-03-07T19:17:26Z">
    <groups>
    </groups>
    <test name="Command line test" duration-ms="25" started-at="2020-03-07T19:17:26Z" finished-at="2020-03-07T19:17:26Z">
      <class name="assignment.TestClass">
        <test-method status="PASS" signature="exampleOfTestNgMaven()[pri:0, instance:assignment.TestClass@2133c8f8]" name="exampleOfTestNgMaven" duration-ms="13" started-at="2020-03-08T00:47:26Z" finished-at="2020-03-08T00:47:26Z">
          <reporter-output>
          </reporter-output>
        </test-method> <!-- exampleOfTestNgMaven -->
      </class> <!-- assignment.TestClass -->
    </test> <!-- Command line test -->
  </suite> <!-- assignment.TestClass -->
</testng-results>
