<?xml version="1.0" encoding="UTF-8"?>
<!-- Generated by org.testng.reporters.JUnitXMLReporter -->
<testsuite hostname="LAPTOP-I4SMI45D" name="Test" tests="1" failures="1" timestamp="7 Mar 2020 20:11:26 GMT" time="12.054" errors="0">
  <testcase name="@AfterTest endSession" time="0.0" classname="com.amazon.test.AmazonTest">
    <failure type="java.lang.NullPointerException">
      <![CDATA[java.lang.NullPointerException
	at com.amazon.test.AmazonTest.endSession(AmazonTest.java:38)
... Removed 22 stack frames]]>
    </failure>
  </testcase> <!-- @AfterTest endSession -->
  <testcase name="compare_product_price" time="0.032" classname="com.amazon.test.AmazonTest">
    <failure type="java.lang.NullPointerException">
      <![CDATA[java.lang.NullPointerException
	at org.openqa.selenium.support.pagefactory.DefaultElementLocator.findElement(DefaultElementLocator.java:69)
	at org.openqa.selenium.support.pagefactory.internal.LocatingElementHandler.invoke(LocatingElementHandler.java:38)
	at com.sun.proxy.$Proxy9.sendKeys(Unknown Source)
	at com.amazon.test.AmazonTest.compare_product_price(AmazonTest.java:32)
... Removed 24 stack frames]]>
    </failure>
  </testcase> <!-- compare_product_price -->
</testsuite> <!-- Test -->
